2022-11-20 10:50:00.071 +02:00 [INF] admin@admin.lt
2022-11-20 10:50:12.782 +02:00 [ERR] CLIENT SIDE ERROR
Anonymous user.
Message:Exception of type 'System.Exception' was thrown.
Stack trace: 
2022-11-20 10:50:21.196 +02:00 [ERR] CLIENT SIDE ERROR
Anonymous user.
Message:Exception of type 'System.Exception' was thrown.
Stack trace: 
2022-11-20 12:13:14.395 +02:00 [INF] admin@admin.lt
2022-11-20 12:13:16.108 +02:00 [INF] admin@admin.lt
2022-11-20 12:13:16.303 +02:00 [INF] admin@admin.lt
2022-11-20 12:13:16.483 +02:00 [INF] admin@admin.lt
2022-11-20 12:13:16.669 +02:00 [INF] admin@admin.lt
2022-11-20 12:13:16.843 +02:00 [INF] admin@admin.lt
2022-11-20 12:13:17.011 +02:00 [INF] admin@admin.lt
2022-11-20 12:13:17.195 +02:00 [INF] admin@admin.lt
2022-11-20 12:13:17.379 +02:00 [INF] admin@admin.lt
2022-11-20 12:13:17.580 +02:00 [INF] admin@admin.lt
2022-11-20 12:13:17.788 +02:00 [INF] admin@admin.lt
2022-11-20 12:18:31.942 +02:00 [INF] admin@admin.lt
2022-11-20 12:18:33.077 +02:00 [INF] admin@admin.lt
2022-11-20 12:18:33.239 +02:00 [INF] admin@admin.lt
2022-11-20 12:19:00.354 +02:00 [ERR] CLIENT SIDE ERROR
Anonymous user.
Message:Exception of type 'System.Exception' was thrown.
Stack trace: 
2022-11-20 12:19:12.146 +02:00 [ERR] CLIENT SIDE ERROR
Anonymous user.
Message:Exception of type 'System.Exception' was thrown.
Stack trace: 
2022-11-20 12:19:39.168 +02:00 [ERR] CLIENT SIDE ERROR
Anonymous user.
Message:Exception of type 'System.Exception' was thrown.
Stack trace: 
2022-11-20 12:21:34.715 +02:00 [INF] admin@admin.lt
2022-11-20 12:21:36.318 +02:00 [INF] admin@admin.lt
2022-11-20 12:21:39.014 +02:00 [INF] admin@admin.lt
2022-11-20 12:21:39.172 +02:00 [INF] admin@admin.lt
2022-11-20 12:21:39.333 +02:00 [INF] admin@admin.lt
2022-11-20 12:21:39.540 +02:00 [INF] admin@admin.lt
2022-11-20 12:21:39.716 +02:00 [INF] admin@admin.lt
2022-11-20 12:21:39.884 +02:00 [INF] admin@admin.lt
2022-11-20 12:21:40.211 +02:00 [INF] admin@admin.lt
2022-11-20 12:21:40.395 +02:00 [INF] admin@admin.lt
2022-11-20 12:21:40.579 +02:00 [INF] admin@admin.lt
2022-11-20 12:21:40.755 +02:00 [INF] admin@admin.lt
2022-11-20 12:21:40.939 +02:00 [INF] admin@admin.lt
2022-11-20 12:21:41.122 +02:00 [INF] admin@admin.lt
2022-11-20 12:21:41.308 +02:00 [INF] admin@admin.lt
2022-11-20 12:21:41.491 +02:00 [INF] admin@admin.lt
2022-11-20 12:21:41.667 +02:00 [INF] admin@admin.lt
2022-11-20 12:21:41.859 +02:00 [INF] admin@admin.lt
2022-11-20 12:21:42.051 +02:00 [INF] admin@admin.lt
2022-11-20 12:21:42.251 +02:00 [INF] admin@admin.lt
2022-11-20 12:21:42.436 +02:00 [INF] admin@admin.lt
2022-11-20 12:21:42.627 +02:00 [INF] admin@admin.lt
2022-11-20 12:21:42.810 +02:00 [INF] admin@admin.lt
2022-11-20 12:21:42.994 +02:00 [INF] admin@admin.lt
2022-11-20 12:21:43.163 +02:00 [INF] admin@admin.lt
2022-11-20 12:22:06.523 +02:00 [INF] admin@admin.lt
2022-11-20 12:22:07.242 +02:00 [INF] admin@admin.lt
2022-11-20 12:22:07.419 +02:00 [INF] admin@admin.lt
2022-11-20 12:22:07.595 +02:00 [INF] admin@admin.lt
2022-11-20 12:22:07.765 +02:00 [INF] admin@admin.lt
2022-11-20 12:22:07.955 +02:00 [INF] admin@admin.lt
2022-11-20 12:22:08.172 +02:00 [INF] admin@admin.lt
2022-11-20 12:22:08.323 +02:00 [INF] admin@admin.lt
2022-11-20 12:22:08.507 +02:00 [INF] admin@admin.lt
2022-11-20 12:22:08.675 +02:00 [INF] admin@admin.lt
2022-11-20 12:22:08.850 +02:00 [INF] admin@admin.lt
2022-11-20 12:22:09.027 +02:00 [INF] admin@admin.lt
2022-11-20 12:22:09.210 +02:00 [INF] admin@admin.lt
2022-11-20 12:22:09.371 +02:00 [INF] admin@admin.lt
2022-11-20 12:22:09.738 +02:00 [INF] admin@admin.lt
2022-11-20 12:22:09.914 +02:00 [INF] admin@admin.lt
2022-11-20 12:22:10.099 +02:00 [INF] admin@admin.lt
2022-11-20 12:22:10.282 +02:00 [INF] admin@admin.lt
2022-11-20 12:22:10.459 +02:00 [INF] admin@admin.lt
2022-11-20 12:22:10.626 +02:00 [INF] admin@admin.lt
2022-11-20 12:22:10.819 +02:00 [INF] admin@admin.lt
2022-11-20 12:22:11.003 +02:00 [INF] admin@admin.lt
2022-11-20 12:22:11.203 +02:00 [INF] admin@admin.lt
2022-11-20 12:22:11.379 +02:00 [INF] admin@admin.lt
2022-11-20 12:22:11.594 +02:00 [INF] admin@admin.lt
2022-11-20 12:22:11.810 +02:00 [INF] admin@admin.lt
2022-11-20 12:22:12.051 +02:00 [INF] admin@admin.lt
2022-11-20 12:22:12.267 +02:00 [INF] admin@admin.lt
2022-11-20 12:22:12.467 +02:00 [INF] admin@admin.lt
2022-11-20 12:22:12.659 +02:00 [INF] admin@admin.lt
2022-11-20 12:22:12.836 +02:00 [INF] admin@admin.lt
2022-11-20 12:22:28.178 +02:00 [INF] dan@dan.lt
2022-11-20 12:22:52.206 +02:00 [INF] admin@admin.lt
2022-11-20 12:22:52.730 +02:00 [INF] admin@admin.lt
2022-11-20 12:22:52.906 +02:00 [INF] admin@admin.lt
2022-11-20 12:22:53.082 +02:00 [INF] admin@admin.lt
2022-11-20 12:22:53.259 +02:00 [INF] admin@admin.lt
2022-11-20 12:22:53.436 +02:00 [INF] admin@admin.lt
2022-11-20 12:22:53.642 +02:00 [INF] admin@admin.lt
2022-11-20 12:22:53.828 +02:00 [INF] admin@admin.lt
2022-11-20 12:22:53.994 +02:00 [INF] admin@admin.lt
2022-11-20 12:22:54.178 +02:00 [INF] admin@admin.lt
2022-11-20 12:22:54.363 +02:00 [INF] admin@admin.lt
2022-11-20 12:22:54.547 +02:00 [INF] admin@admin.lt
2022-11-20 12:22:55.171 +02:00 [INF] admin@admin.lt
2022-11-20 12:22:55.378 +02:00 [INF] admin@admin.lt
2022-11-20 12:22:55.850 +02:00 [INF] admin@admin.lt
2022-11-20 12:22:56.059 +02:00 [INF] admin@admin.lt
2022-11-20 12:22:56.258 +02:00 [INF] admin@admin.lt
2022-11-20 12:22:56.458 +02:00 [INF] admin@admin.lt
2022-11-20 12:22:56.635 +02:00 [INF] admin@admin.lt
2022-11-20 12:22:56.826 +02:00 [INF] admin@admin.lt
2022-11-20 12:23:03.194 +02:00 [INF] admin@admin.lt
2022-11-20 12:23:03.371 +02:00 [INF] admin@admin.lt
2022-11-20 12:23:03.556 +02:00 [INF] admin@admin.lt
2022-11-20 12:23:17.500 +02:00 [INF] dan@dan.lt
2022-11-20 13:33:54.561 +02:00 [INF] dan@dan.lt
2022-11-20 13:55:39.200 +02:00 [INF] dan@dan.lt
2022-11-20 13:55:39.742 +02:00 [INF] dan@dan.lt
2022-11-20 13:55:39.926 +02:00 [INF] dan@dan.lt
2022-11-20 15:29:56.799 +02:00 [INF] dan@dan.lt
2022-11-20 15:49:00.893 +02:00 [INF] dan@dan.lt
2022-11-20 15:49:01.749 +02:00 [INF] dan@dan.lt
2022-11-20 15:50:52.704 +02:00 [INF] dan@dan.lt
2022-11-20 15:50:52.784 +02:00 [INF] dan@dan.lt
2022-11-20 15:51:29.754 +02:00 [ERR] CLIENT SIDE ERROR
Anonymous user.
Message:Exception of type 'System.Exception' was thrown.
Stack trace: 
2022-11-20 15:51:43.618 +02:00 [ERR] CLIENT SIDE ERROR
Anonymous user.
Message:Exception of type 'System.Exception' was thrown.
Stack trace: 
2022-11-20 15:51:56.807 +02:00 [ERR] CLIENT SIDE ERROR
Anonymous user.
Message:Exception of type 'System.Exception' was thrown.
Stack trace: 
2022-11-20 15:52:41.099 +02:00 [ERR] CLIENT SIDE ERROR
Anonymous user.
Message:Exception of type 'System.Exception' was thrown.
Stack trace: 
2022-11-20 15:52:53.117 +02:00 [ERR] CLIENT SIDE ERROR
Anonymous user.
Message:Exception of type 'System.Exception' was thrown.
Stack trace: 
2022-11-20 15:53:04.486 +02:00 [ERR] CLIENT SIDE ERROR
Anonymous user.
Message:Exception of type 'System.Exception' was thrown.
Stack trace: 
2022-11-20 15:53:24.349 +02:00 [ERR] CLIENT SIDE ERROR
Anonymous user.
Message:Exception of type 'System.Exception' was thrown.
Stack trace: 
2022-11-20 15:53:40.223 +02:00 [ERR] CLIENT SIDE ERROR
Anonymous user.
Message:Exception of type 'System.Exception' was thrown.
Stack trace: 
2022-11-20 16:13:17.847 +02:00 [INF] dan@dan.lt
2022-11-20 16:15:41.377 +02:00 [INF] dan@dan.lt
2022-11-20 16:32:06.857 +02:00 [INF] dan@dan.lt
2022-11-20 16:32:07.618 +02:00 [INF] dan@dan.lt
2022-11-20 16:54:04.481 +02:00 [INF] dan@dan.lt
2022-11-20 17:05:11.929 +02:00 [INF] dan@dan.lt
2022-11-20 20:04:20.690 +02:00 [INF] dan@dan.lt
