2022-11-29 00:11:28.048 +02:00 [INF] jonas@gmail.com
2022-11-29 00:12:07.358 +02:00 [INF] jonas@gmail.com
2022-11-29 00:12:28.309 +02:00 [INF] jonas@gmail.com
2022-11-29 00:12:33.713 +02:00 [INF] jonas1@gmail.com
2022-11-29 00:15:08.023 +02:00 [ERR] CLIENT SIDE ERROR
Anonymous user.
Message:Exception of type 'System.Exception' was thrown.
Stack trace: 
2022-11-29 00:16:36.912 +02:00 [ERR] CLIENT SIDE ERROR
Anonymous user.
Message:Exception of type 'System.Exception' was thrown.
Stack trace: 
2022-11-29 00:17:14.177 +02:00 [ERR] CLIENT SIDE ERROR
Anonymous user.
Message:Exception of type 'System.Exception' was thrown.
Stack trace: 
2022-11-29 00:20:24.348 +02:00 [ERR] CLIENT SIDE ERROR
Anonymous user.
Message:Exception of type 'System.Exception' was thrown.
Stack trace: 
2022-11-29 00:20:32.272 +02:00 [ERR] CLIENT SIDE ERROR
Anonymous user.
Message:Exception of type 'System.Exception' was thrown.
Stack trace: 
2022-11-29 16:32:12.001 +02:00 [INF] jonas1@gmail.com
2022-11-29 23:43:02.244 +02:00 [INF] jonas1@gmail.com
