2022-12-02 18:01:22.014 +02:00 [INF] jonas1@gmail.com
2022-12-02 18:16:18.979 +02:00 [ERR] CLIENT SIDE ERROR
Anonymous user.
Message:Exception of type 'System.Exception' was thrown.
Stack trace: 
2022-12-02 18:17:11.000 +02:00 [ERR] CLIENT SIDE ERROR
Anonymous user.
Message:Exception of type 'System.Exception' was thrown.
Stack trace: 
2022-12-02 18:17:41.380 +02:00 [ERR] CLIENT SIDE ERROR
Anonymous user.
Message:Exception of type 'System.Exception' was thrown.
Stack trace: 
2022-12-02 18:17:51.471 +02:00 [ERR] CLIENT SIDE ERROR
Anonymous user.
Message:Exception of type 'System.Exception' was thrown.
Stack trace: 
2022-12-02 18:20:39.694 +02:00 [ERR] CLIENT SIDE ERROR
Anonymous user.
Message:Exception of type 'System.Exception' was thrown.
Stack trace: 
2022-12-02 18:30:10.174 +02:00 [ERR] CLIENT SIDE ERROR
Anonymous user.
Message:Exception of type 'System.Exception' was thrown.
Stack trace: 
2022-12-02 18:36:10.142 +02:00 [ERR] CLIENT SIDE ERROR
Anonymous user.
Message:Exception of type 'System.Exception' was thrown.
Stack trace: 
2022-12-02 18:36:56.430 +02:00 [ERR] CLIENT SIDE ERROR
Anonymous user.
Message:Exception of type 'System.Exception' was thrown.
Stack trace: 
2022-12-02 18:37:07.531 +02:00 [ERR] CLIENT SIDE ERROR
Anonymous user.
Message:Exception of type 'System.Exception' was thrown.
Stack trace: 
2022-12-02 18:37:33.402 +02:00 [ERR] CLIENT SIDE ERROR
Anonymous user.
Message:Exception of type 'System.Exception' was thrown.
Stack trace: 
2022-12-02 18:37:49.888 +02:00 [ERR] CLIENT SIDE ERROR
Anonymous user.
Message:Exception of type 'System.Exception' was thrown.
Stack trace: 
2022-12-02 18:38:19.373 +02:00 [ERR] CLIENT SIDE ERROR
Anonymous user.
Message:Exception of type 'System.Exception' was thrown.
Stack trace: 
2022-12-02 18:39:37.484 +02:00 [ERR] CLIENT SIDE ERROR
Anonymous user.
Message:Exception of type 'System.Exception' was thrown.
Stack trace: 
2022-12-02 19:03:33.807 +02:00 [INF] jonas1@gmail.com
